<?xml version="1.0" encoding="UTF-8"?>
<!-- Generated by org.testng.reporters.JUnitReportReporter -->
<testsuite skipped="0" hostname="LAPTOP-V7NAMNVI" name="Selenium.Amazon" tests="5" failures="0" timestamp="2023-03-01T20:04:19 IST" time="95.793" errors="0">
  <testcase name="AmazonOrderList" time="20.380" classname="Selenium.Amazon"/>
  <system-out/>
  <testcase name="AmazonOrderList" time="19.824" classname="Selenium.Amazon"/>
  <system-out/>
  <testcase name="AmazonOrderList" time="21.186" classname="Selenium.Amazon"/>
  <system-out/>
  <testcase name="AmazonOrderList" time="19.293" classname="Selenium.Amazon"/>
  <system-out/>
  <testcase name="AmazonOrderList" time="15.110" classname="Selenium.Amazon"/>
  <system-out/>
</testsuite> <!-- Selenium.Amazon -->
